<?xml version="1.0" encoding="UTF-8" ?>
<testsuite tests="5" failures="0" name="com.HTEC.tests.UseCaseTest" time="12.038" errors="0" skipped="0">
  <properties>
[...]
</properties>
  <testcase classname="com.HTEC.tests.UseCaseTest" name="StringLengthValidations" time="3.285"/>
  <testcase classname="com.HTEC.tests.UseCaseTest" name="AllEmptyFields" time="0.801"/>
  <testcase classname="com.HTEC.tests.UseCaseTest" name="HappyFlow" time="2.922"/>
  <testcase classname="com.HTEC.tests.UseCaseTest" name="CommaSeparatedTestStep" time="2.89"/>
  <testcase classname="com.HTEC.tests.UseCaseTest" name="DeleteUseCase" time="2.14"/>
</testsuite>